1761906714363:hello super
1761906720067:exit
1762153805983:complete va
1762153914545:complete val
1762154878651:help
1762154883091:complete --user
1762154928210:complete va
1762154938791:exit
1762155228094:complete a
1762155231385:exit
1762155497955:complete
1762156018928:complete v
1762156025756:complete ac
1762156027357:exit
1762156403529:complete a
1762166590554:q
1762166595571:q pep
1762166598322:exit
1762166626262:q ind
1762166630726:exit
1762166674544:q ind
1762166732830:q est
1762166985321:q estados
1762167004363:exit
1762167021411:q estad
